{"C:\\Users\\Main\\Desktop\\Teste verity\\multi-step-form\\src\\components\\form\\FormInput.tsx": {"path":"C:\\Users\\Main\\Desktop\\Teste verity\\multi-step-form\\src\\components\\form\\FormInput.tsx","statementMap":{"0":{"start":{"line":1,"column":0},"end":{"line":1,"column":45}},"1":{"start":{"line":8,"column":25},"end":{"line":30,"column":1}},"2":{"start":{"line":9,"column":30},"end":{"line":9,"column":48}},"3":{"start":{"line":11,"column":2},"end":{"line":29,"column":null}},"4":{"start":{"line":8,"column":13},"end":{"line":8,"column":25}}},"fnMap":{"0":{"name":"(anonymous_0)","decl":{"start":{"line":8,"column":25},"end":{"line":8,"column":26}},"loc":{"start":{"line":8,"column":58},"end":{"line":30,"column":1}}}},"branchMap":{"0":{"loc":{"start":{"line":18,"column":12},"end":{"line":18,"column":56}},"type":"cond-expr","locations":[{"start":{"line":18,"column":20},"end":{"line":18,"column":36}},{"start":{"line":18,"column":39},"end":{"line":18,"column":56}}]},"1":{"loc":{"start":{"line":23,"column":7},"end":{"line":26,"column":null}},"type":"binary-expr","locations":[{"start":{"line":23,"column":7},"end":{"line":23,"column":12}},{"start":{"line":24,"column":8},"end":{"line":25,"column":null}}]}},"s":{"0":4,"1":4,"2":313,"3":313,"4":4},"f":{"0":313},"b":{"0":[28,285],"1":[313,28]}}
,"C:\\Users\\Main\\Desktop\\Teste verity\\multi-step-form\\src\\components\\form\\FormMaskedInput.tsx": {"path":"C:\\Users\\Main\\Desktop\\Teste verity\\multi-step-form\\src\\components\\form\\FormMaskedInput.tsx","statementMap":{"0":{"start":{"line":1,"column":0},"end":{"line":1,"column":60}},"1":{"start":{"line":2,"column":0},"end":{"line":2,"column":40}},"2":{"start":{"line":12,"column":31},"end":{"line":51,"column":1}},"3":{"start":{"line":21,"column":6},"end":{"line":21,"column":22}},"4":{"start":{"line":23,"column":2},"end":{"line":50,"column":null}},"5":{"start":{"line":29,"column":10},"end":{"line":39,"column":null}},"6":{"start":{"line":33,"column":31},"end":{"line":33,"column":50}},"7":{"start":{"line":12,"column":13},"end":{"line":12,"column":31}}},"fnMap":{"0":{"name":"(anonymous_0)","decl":{"start":{"line":12,"column":31},"end":{"line":12,"column":32}},"loc":{"start":{"line":17,"column":12},"end":{"line":51,"column":1}}},"1":{"name":"(anonymous_1)","decl":{"start":{"line":28,"column":16},"end":{"line":28,"column":17}},"loc":{"start":{"line":29,"column":10},"end":{"line":39,"column":null}}},"2":{"name":"(anonymous_2)","decl":{"start":{"line":33,"column":22},"end":{"line":33,"column":23}},"loc":{"start":{"line":33,"column":31},"end":{"line":33,"column":50}}}},"branchMap":{"0":{"loc":{"start":{"line":32,"column":19},"end":{"line":32,"column":36}},"type":"binary-expr","locations":[{"start":{"line":32,"column":19},"end":{"line":32,"column":30}},{"start":{"line":32,"column":34},"end":{"line":32,"column":36}}]},"1":{"loc":{"start":{"line":37,"column":16},"end":{"line":37,"column":67}},"type":"cond-expr","locations":[{"start":{"line":37,"column":31},"end":{"line":37,"column":47}},{"start":{"line":37,"column":50},"end":{"line":37,"column":67}}]},"2":{"loc":{"start":{"line":44,"column":7},"end":{"line":47,"column":null}},"type":"binary-expr","locations":[{"start":{"line":44,"column":7},"end":{"line":44,"column":19}},{"start":{"line":45,"column":8},"end":{"line":46,"column":null}}]}},"s":{"0":4,"1":4,"2":4,"3":90,"4":90,"5":137,"6":65,"7":4},"f":{"0":90,"1":137,"2":65},"b":{"0":[137,48],"1":[14,123],"2":[90,9]}}
,"C:\\Users\\Main\\Desktop\\Teste verity\\multi-step-form\\src\\components\\form\\FormProvider.tsx": {"path":"C:\\Users\\Main\\Desktop\\Teste verity\\multi-step-form\\src\\components\\form\\FormProvider.tsx","statementMap":{"0":{"start":{"line":1,"column":0},"end":{"line":1,"column":81}},"1":{"start":{"line":8,"column":28},"end":{"line":10,"column":1}},"2":{"start":{"line":9,"column":2},"end":{"line":9,"column":null}},"3":{"start":{"line":8,"column":13},"end":{"line":8,"column":28}}},"fnMap":{"0":{"name":"(anonymous_0)","decl":{"start":{"line":8,"column":28},"end":{"line":8,"column":29}},"loc":{"start":{"line":8,"column":61},"end":{"line":10,"column":1}}}},"branchMap":{},"s":{"0":3,"1":3,"2":63,"3":3},"f":{"0":63},"b":{}}
,"C:\\Users\\Main\\Desktop\\Teste verity\\multi-step-form\\src\\components\\form\\FormSelect.tsx": {"path":"C:\\Users\\Main\\Desktop\\Teste verity\\multi-step-form\\src\\components\\form\\FormSelect.tsx","statementMap":{"0":{"start":{"line":1,"column":0},"end":{"line":1,"column":45}},"1":{"start":{"line":9,"column":26},"end":{"line":39,"column":1}},"2":{"start":{"line":10,"column":30},"end":{"line":10,"column":48}},"3":{"start":{"line":12,"column":2},"end":{"line":38,"column":null}},"4":{"start":{"line":26,"column":10},"end":{"line":26,"column":28}},"5":{"start":{"line":9,"column":13},"end":{"line":9,"column":26}}},"fnMap":{"0":{"name":"(anonymous_0)","decl":{"start":{"line":9,"column":26},"end":{"line":9,"column":27}},"loc":{"start":{"line":9,"column":68},"end":{"line":39,"column":1}}},"1":{"name":"(anonymous_1)","decl":{"start":{"line":25,"column":21},"end":{"line":25,"column":22}},"loc":{"start":{"line":26,"column":10},"end":{"line":26,"column":28}}}},"branchMap":{"0":{"loc":{"start":{"line":18,"column":12},"end":{"line":18,"column":56}},"type":"cond-expr","locations":[{"start":{"line":18,"column":20},"end":{"line":18,"column":36}},{"start":{"line":18,"column":39},"end":{"line":18,"column":56}}]},"1":{"loc":{"start":{"line":32,"column":7},"end":{"line":35,"column":null}},"type":"binary-expr","locations":[{"start":{"line":32,"column":7},"end":{"line":32,"column":12}},{"start":{"line":33,"column":8},"end":{"line":34,"column":null}}]}},"s":{"0":2,"1":2,"2":9,"3":9,"4":10,"5":2},"f":{"0":9,"1":10},"b":{"0":[1,8],"1":[9,1]}}
,"C:\\Users\\Main\\Desktop\\Teste verity\\multi-step-form\\src\\components\\form\\useFormField.ts": {"path":"C:\\Users\\Main\\Desktop\\Teste verity\\multi-step-form\\src\\components\\form\\useFormField.ts","statementMap":{"0":{"start":{"line":1,"column":0},"end":{"line":1,"column":48}},"1":{"start":{"line":3,"column":28},"end":{"line":13,"column":1}},"2":{"start":{"line":7,"column":8},"end":{"line":7,"column":24}},"3":{"start":{"line":9,"column":4},"end":{"line":12,"column":null}},"4":{"start":{"line":3,"column":13},"end":{"line":3,"column":28}}},"fnMap":{"0":{"name":"(anonymous_0)","decl":{"start":{"line":3,"column":28},"end":{"line":3,"column":29}},"loc":{"start":{"line":3,"column":45},"end":{"line":13,"column":1}}}},"branchMap":{},"s":{"0":5,"1":5,"2":318,"3":318,"4":5},"f":{"0":318},"b":{}}
,"C:\\Users\\Main\\Desktop\\Teste verity\\multi-step-form\\src\\modules\\form\\schemas\\address.schema.ts": {"path":"C:\\Users\\Main\\Desktop\\Teste verity\\multi-step-form\\src\\modules\\form\\schemas\\address.schema.ts","statementMap":{"0":{"start":{"line":2,"column":0},"end":{"line":2,"column":23}},"1":{"start":{"line":4,"column":13},"end":{"line":12,"column":null}}},"fnMap":{},"branchMap":{},"s":{"0":1,"1":1},"f":{},"b":{}}
,"C:\\Users\\Main\\Desktop\\Teste verity\\multi-step-form\\src\\modules\\form\\schemas\\personal.schema.ts": {"path":"C:\\Users\\Main\\Desktop\\Teste verity\\multi-step-form\\src\\modules\\form\\schemas\\personal.schema.ts","statementMap":{"0":{"start":{"line":1,"column":0},"end":{"line":1,"column":23}},"1":{"start":{"line":3,"column":13},"end":{"line":9,"column":null}}},"fnMap":{},"branchMap":{},"s":{"0":1,"1":1},"f":{},"b":{}}
,"C:\\Users\\Main\\Desktop\\Teste verity\\multi-step-form\\src\\modules\\form\\schemas\\professional.schema.ts": {"path":"C:\\Users\\Main\\Desktop\\Teste verity\\multi-step-form\\src\\modules\\form\\schemas\\professional.schema.ts","statementMap":{"0":{"start":{"line":1,"column":0},"end":{"line":1,"column":23}},"1":{"start":{"line":3,"column":13},"end":{"line":13,"column":null}}},"fnMap":{},"branchMap":{},"s":{"0":1,"1":1},"f":{},"b":{}}
,"C:\\Users\\Main\\Desktop\\Teste verity\\multi-step-form\\src\\modules\\form\\services\\cepService.ts": {"path":"C:\\Users\\Main\\Desktop\\Teste verity\\multi-step-form\\src\\modules\\form\\services\\cepService.ts","statementMap":{"0":{"start":{"line":1,"column":31},"end":{"line":17,"column":1}},"1":{"start":{"line":2,"column":20},"end":{"line":2,"column":42}},"2":{"start":{"line":4,"column":16},"end":{"line":4,"column":72}},"3":{"start":{"line":5,"column":17},"end":{"line":5,"column":33}},"4":{"start":{"line":7,"column":4},"end":{"line":9,"column":5}},"5":{"start":{"line":8,"column":8},"end":{"line":8,"column":null}},"6":{"start":{"line":11,"column":4},"end":{"line":16,"column":null}},"7":{"start":{"line":1,"column":13},"end":{"line":1,"column":31}}},"fnMap":{"0":{"name":"(anonymous_0)","decl":{"start":{"line":1,"column":31},"end":{"line":1,"column":36}},"loc":{"start":{"line":1,"column":53},"end":{"line":17,"column":1}}}},"branchMap":{"0":{"loc":{"start":{"line":7,"column":4},"end":{"line":9,"column":5}},"type":"if","locations":[{"start":{"line":7,"column":4},"end":{"line":9,"column":5}},{"start":{},"end":{}}]}},"s":{"0":1,"1":3,"2":3,"3":2,"4":2,"5":1,"6":1,"7":1},"f":{"0":3},"b":{"0":[1,1]}}
,"C:\\Users\\Main\\Desktop\\Teste verity\\multi-step-form\\src\\modules\\form\\steps\\AddressStep\\index.tsx": {"path":"C:\\Users\\Main\\Desktop\\Teste verity\\multi-step-form\\src\\modules\\form\\steps\\AddressStep\\index.tsx","statementMap":{"0":{"start":{"line":1,"column":0},"end":{"line":1,"column":51}},"1":{"start":{"line":2,"column":0},"end":{"line":2,"column":61}},"2":{"start":{"line":3,"column":0},"end":{"line":3,"column":53}},"3":{"start":{"line":4,"column":0},"end":{"line":4,"column":52}},"4":{"start":{"line":5,"column":0},"end":{"line":5,"column":59}},"5":{"start":{"line":6,"column":0},"end":{"line":6,"column":78}},"6":{"start":{"line":7,"column":0},"end":{"line":7,"column":56}},"7":{"start":{"line":9,"column":0},"end":{"line":9,"column":71}},"8":{"start":{"line":10,"column":0},"end":{"line":10,"column":65}},"9":{"start":{"line":11,"column":0},"end":{"line":11,"column":77}},"10":{"start":{"line":13,"column":27},"end":{"line":144,"column":1}},"11":{"start":{"line":14,"column":54},"end":{"line":14,"column":68}},"12":{"start":{"line":16,"column":32},"end":{"line":16,"column":47}},"13":{"start":{"line":17,"column":28},"end":{"line":17,"column":40}},"14":{"start":{"line":18,"column":38},"end":{"line":18,"column":53}},"15":{"start":{"line":19,"column":27},"end":{"line":19,"column":37}},"16":{"start":{"line":21,"column":18},"end":{"line":25,"column":4}},"17":{"start":{"line":27,"column":44},"end":{"line":27,"column":51}},"18":{"start":{"line":28,"column":19},"end":{"line":28,"column":31}},"19":{"start":{"line":30,"column":19},"end":{"line":57,"column":3}},"20":{"start":{"line":31,"column":4},"end":{"line":31,"column":22}},"21":{"start":{"line":31,"column":16},"end":{"line":31,"column":22}},"22":{"start":{"line":32,"column":20},"end":{"line":32,"column":44}},"23":{"start":{"line":34,"column":4},"end":{"line":34,"column":36}},"24":{"start":{"line":34,"column":30},"end":{"line":34,"column":36}},"25":{"start":{"line":35,"column":4},"end":{"line":35,"column":52}},"26":{"start":{"line":35,"column":46},"end":{"line":35,"column":52}},"27":{"start":{"line":37,"column":4},"end":{"line":37,"column":null}},"28":{"start":{"line":39,"column":4},"end":{"line":56,"column":5}},"29":{"start":{"line":40,"column":6},"end":{"line":40,"column":null}},"30":{"start":{"line":41,"column":6},"end":{"line":41,"column":null}},"31":{"start":{"line":43,"column":21},"end":{"line":43,"column":51}},"32":{"start":{"line":45,"column":6},"end":{"line":45,"column":null}},"33":{"start":{"line":46,"column":6},"end":{"line":46,"column":null}},"34":{"start":{"line":47,"column":6},"end":{"line":47,"column":null}},"35":{"start":{"line":48,"column":6},"end":{"line":48,"column":null}},"36":{"start":{"line":50,"column":6},"end":{"line":50,"column":null}},"37":{"start":{"line":52,"column":6},"end":{"line":52,"column":null}},"38":{"start":{"line":53,"column":6},"end":{"line":53,"column":null}},"39":{"start":{"line":55,"column":6},"end":{"line":55,"column":null}},"40":{"start":{"line":59,"column":2},"end":{"line":61,"column":null}},"41":{"start":{"line":60,"column":4},"end":{"line":60,"column":null}},"42":{"start":{"line":63,"column":26},"end":{"line":65,"column":3}},"43":{"start":{"line":64,"column":4},"end":{"line":64,"column":null}},"44":{"start":{"line":67,"column":47},"end":{"line":70,"column":3}},"45":{"start":{"line":68,"column":4},"end":{"line":68,"column":null}},"46":{"start":{"line":69,"column":4},"end":{"line":69,"column":null}},"47":{"start":{"line":72,"column":24},"end":{"line":72,"column":91}},"48":{"start":{"line":74,"column":2},"end":{"line":143,"column":null}},"49":{"start":{"line":13,"column":13},"end":{"line":13,"column":27}}},"fnMap":{"0":{"name":"(anonymous_0)","decl":{"start":{"line":13,"column":27},"end":{"line":13,"column":30}},"loc":{"start":{"line":13,"column":32},"end":{"line":144,"column":1}}},"1":{"name":"(anonymous_1)","decl":{"start":{"line":30,"column":19},"end":{"line":30,"column":24}},"loc":{"start":{"line":30,"column":43},"end":{"line":57,"column":3}}},"2":{"name":"(anonymous_2)","decl":{"start":{"line":59,"column":12},"end":{"line":59,"column":15}},"loc":{"start":{"line":59,"column":17},"end":{"line":61,"column":3}}},"3":{"name":"(anonymous_3)","decl":{"start":{"line":63,"column":26},"end":{"line":63,"column":27}},"loc":{"start":{"line":63,"column":44},"end":{"line":65,"column":3}}},"4":{"name":"(anonymous_4)","decl":{"start":{"line":67,"column":47},"end":{"line":67,"column":48}},"loc":{"start":{"line":67,"column":56},"end":{"line":70,"column":3}}}},"branchMap":{"0":{"loc":{"start":{"line":31,"column":4},"end":{"line":31,"column":22}},"type":"if","locations":[{"start":{"line":31,"column":4},"end":{"line":31,"column":22}},{"start":{},"end":{}}]},"1":{"loc":{"start":{"line":34,"column":4},"end":{"line":34,"column":36}},"type":"if","locations":[{"start":{"line":34,"column":4},"end":{"line":34,"column":36}},{"start":{},"end":{}}]},"2":{"loc":{"start":{"line":35,"column":4},"end":{"line":35,"column":52}},"type":"if","locations":[{"start":{"line":35,"column":4},"end":{"line":35,"column":52}},{"start":{},"end":{}}]},"3":{"loc":{"start":{"line":72,"column":24},"end":{"line":72,"column":91}},"type":"cond-expr","locations":[{"start":{"line":72,"column":37},"end":{"line":72,"column":86}},{"start":{"line":72,"column":89},"end":{"line":72,"column":91}}]},"4":{"loc":{"start":{"line":98,"column":13},"end":{"line":101,"column":null}},"type":"binary-expr","locations":[{"start":{"line":98,"column":13},"end":{"line":98,"column":20}},{"start":{"line":99,"column":14},"end":{"line":99,"column":null}}]},"5":{"loc":{"start":{"line":104,"column":13},"end":{"line":107,"column":null}},"type":"binary-expr","locations":[{"start":{"line":104,"column":13},"end":{"line":104,"column":18}},{"start":{"line":105,"column":14},"end":{"line":106,"column":null}}]}},"s":{"0":1,"1":1,"2":1,"3":1,"4":1,"5":1,"6":1,"7":1,"8":1,"9":1,"10":1,"11":48,"12":48,"13":48,"14":48,"15":48,"16":48,"17":48,"18":48,"19":48,"20":33,"21":6,"22":27,"23":27,"24":24,"25":3,"26":0,"27":3,"28":3,"29":3,"30":3,"31":3,"32":2,"33":2,"34":2,"35":2,"36":2,"37":1,"38":1,"39":3,"40":48,"41":33,"42":48,"43":0,"44":48,"45":1,"46":1,"47":48,"48":48,"49":1},"f":{"0":48,"1":33,"2":33,"3":0,"4":1},"b":{"0":[6,27],"1":[24,3],"2":[0,3],"3":[3,45],"4":[48,3],"5":[48,1]}}
,"C:\\Users\\Main\\Desktop\\Teste verity\\multi-step-form\\src\\modules\\form\\steps\\PersonalStep\\index.tsx": {"path":"C:\\Users\\Main\\Desktop\\Teste verity\\multi-step-form\\src\\modules\\form\\steps\\PersonalStep\\index.tsx","statementMap":{"0":{"start":{"line":1,"column":0},"end":{"line":1,"column":41}},"1":{"start":{"line":2,"column":0},"end":{"line":2,"column":53}},"2":{"start":{"line":3,"column":0},"end":{"line":3,"column":62}},"3":{"start":{"line":5,"column":0},"end":{"line":5,"column":52}},"4":{"start":{"line":6,"column":0},"end":{"line":6,"column":56}},"5":{"start":{"line":7,"column":0},"end":{"line":7,"column":71}},"6":{"start":{"line":8,"column":0},"end":{"line":8,"column":65}},"7":{"start":{"line":9,"column":0},"end":{"line":9,"column":77}},"8":{"start":{"line":11,"column":28},"end":{"line":80,"column":1}},"9":{"start":{"line":12,"column":46},"end":{"line":12,"column":60}},"10":{"start":{"line":14,"column":18},"end":{"line":18,"column":4}},"11":{"start":{"line":20,"column":19},"end":{"line":23,"column":3}},"12":{"start":{"line":21,"column":4},"end":{"line":21,"column":null}},"13":{"start":{"line":22,"column":4},"end":{"line":22,"column":null}},"14":{"start":{"line":25,"column":2},"end":{"line":79,"column":null}},"15":{"start":{"line":11,"column":13},"end":{"line":11,"column":28}}},"fnMap":{"0":{"name":"(anonymous_0)","decl":{"start":{"line":11,"column":28},"end":{"line":11,"column":31}},"loc":{"start":{"line":11,"column":33},"end":{"line":80,"column":1}}},"1":{"name":"(anonymous_1)","decl":{"start":{"line":20,"column":19},"end":{"line":20,"column":20}},"loc":{"start":{"line":20,"column":46},"end":{"line":23,"column":3}}}},"branchMap":{},"s":{"0":1,"1":1,"2":1,"3":1,"4":1,"5":1,"6":1,"7":1,"8":1,"9":8,"10":8,"11":8,"12":1,"13":1,"14":8,"15":1},"f":{"0":8,"1":1},"b":{}}
,"C:\\Users\\Main\\Desktop\\Teste verity\\multi-step-form\\src\\modules\\form\\steps\\ProfessionalStep\\index.tsx": {"path":"C:\\Users\\Main\\Desktop\\Teste verity\\multi-step-form\\src\\modules\\form\\steps\\ProfessionalStep\\index.tsx","statementMap":{"0":{"start":{"line":1,"column":0},"end":{"line":1,"column":43}},"1":{"start":{"line":2,"column":0},"end":{"line":2,"column":56}},"2":{"start":{"line":4,"column":0},"end":{"line":4,"column":53}},"3":{"start":{"line":5,"column":0},"end":{"line":5,"column":70}},"4":{"start":{"line":7,"column":0},"end":{"line":7,"column":52}},"5":{"start":{"line":8,"column":0},"end":{"line":8,"column":65}},"6":{"start":{"line":9,"column":0},"end":{"line":9,"column":56}},"7":{"start":{"line":11,"column":0},"end":{"line":11,"column":71}},"8":{"start":{"line":12,"column":0},"end":{"line":12,"column":65}},"9":{"start":{"line":13,"column":0},"end":{"line":13,"column":77}},"10":{"start":{"line":14,"column":0},"end":{"line":14,"column":67}},"11":{"start":{"line":18,"column":32},"end":{"line":184,"column":1}},"12":{"start":{"line":20,"column":4},"end":{"line":20,"column":18}},"13":{"start":{"line":22,"column":18},"end":{"line":37,"column":4}},"14":{"start":{"line":39,"column":46},"end":{"line":39,"column":53}},"15":{"start":{"line":41,"column":37},"end":{"line":44,"column":4}},"16":{"start":{"line":46,"column":40},"end":{"line":46,"column":62}},"17":{"start":{"line":48,"column":2},"end":{"line":55,"column":null}},"18":{"start":{"line":49,"column":17},"end":{"line":52,"column":5}},"19":{"start":{"line":50,"column":19},"end":{"line":50,"column":41}},"20":{"start":{"line":51,"column":6},"end":{"line":51,"column":null}},"21":{"start":{"line":54,"column":4},"end":{"line":54,"column":null}},"22":{"start":{"line":57,"column":19},"end":{"line":60,"column":3}},"23":{"start":{"line":58,"column":4},"end":{"line":58,"column":null}},"24":{"start":{"line":59,"column":4},"end":{"line":59,"column":null}},"25":{"start":{"line":62,"column":2},"end":{"line":183,"column":null}},"26":{"start":{"line":81,"column":14},"end":{"line":138,"column":null}},"27":{"start":{"line":132,"column":35},"end":{"line":132,"column":48}},"28":{"start":{"line":145,"column":16},"end":{"line":151,"column":18}},"29":{"start":{"line":18,"column":13},"end":{"line":18,"column":32}}},"fnMap":{"0":{"name":"(anonymous_0)","decl":{"start":{"line":18,"column":32},"end":{"line":18,"column":35}},"loc":{"start":{"line":18,"column":37},"end":{"line":184,"column":1}}},"1":{"name":"(anonymous_1)","decl":{"start":{"line":48,"column":12},"end":{"line":48,"column":15}},"loc":{"start":{"line":48,"column":17},"end":{"line":55,"column":3}}},"2":{"name":"(anonymous_2)","decl":{"start":{"line":49,"column":17},"end":{"line":49,"column":22}},"loc":{"start":{"line":49,"column":28},"end":{"line":52,"column":5}}},"3":{"name":"(anonymous_3)","decl":{"start":{"line":57,"column":19},"end":{"line":57,"column":20}},"loc":{"start":{"line":57,"column":46},"end":{"line":60,"column":3}}},"4":{"name":"(anonymous_4)","decl":{"start":{"line":80,"column":24},"end":{"line":80,"column":25}},"loc":{"start":{"line":80,"column":41},"end":{"line":139,"column":13}}},"5":{"name":"(anonymous_5)","decl":{"start":{"line":132,"column":29},"end":{"line":132,"column":32}},"loc":{"start":{"line":132,"column":35},"end":{"line":132,"column":48}}},"6":{"name":"(anonymous_6)","decl":{"start":{"line":144,"column":23},"end":{"line":144,"column":26}},"loc":{"start":{"line":145,"column":16},"end":{"line":151,"column":18}}}},"branchMap":{"0":{"loc":{"start":{"line":25,"column":12},"end":{"line":35,"column":null}},"type":"cond-expr","locations":[{"start":{"line":26,"column":10},"end":{"line":26,"column":27}},{"start":{"line":27,"column":10},"end":{"line":35,"column":null}}]}},"s":{"0":1,"1":1,"2":1,"3":1,"4":1,"5":1,"6":1,"7":1,"8":1,"9":1,"10":1,"11":1,"12":7,"13":7,"14":7,"15":7,"16":7,"17":7,"18":2,"19":2,"20":2,"21":2,"22":7,"23":1,"24":1,"25":7,"26":7,"27":0,"28":0,"29":1},"f":{"0":7,"1":2,"2":2,"3":1,"4":7,"5":0,"6":0},"b":{"0":[3,4]}}
,"C:\\Users\\Main\\Desktop\\Teste verity\\multi-step-form\\src\\modules\\form\\steps\\SummaryStep\\index.tsx": {"path":"C:\\Users\\Main\\Desktop\\Teste verity\\multi-step-form\\src\\modules\\form\\steps\\SummaryStep\\index.tsx","statementMap":{"0":{"start":{"line":1,"column":0},"end":{"line":1,"column":52}},"1":{"start":{"line":2,"column":0},"end":{"line":2,"column":56}},"2":{"start":{"line":3,"column":0},"end":{"line":3,"column":62}},"3":{"start":{"line":5,"column":27},"end":{"line":116,"column":1}},"4":{"start":{"line":6,"column":55},"end":{"line":6,"column":69}},"5":{"start":{"line":8,"column":26},"end":{"line":14,"column":3}},"6":{"start":{"line":9,"column":4},"end":{"line":13,"column":null}},"7":{"start":{"line":16,"column":2},"end":{"line":115,"column":null}},"8":{"start":{"line":50,"column":39},"end":{"line":50,"column":49}},"9":{"start":{"line":66,"column":39},"end":{"line":66,"column":49}},"10":{"start":{"line":83,"column":39},"end":{"line":83,"column":49}},"11":{"start":{"line":90,"column":16},"end":{"line":90,"column":33}},"12":{"start":{"line":5,"column":13},"end":{"line":5,"column":27}}},"fnMap":{"0":{"name":"(anonymous_0)","decl":{"start":{"line":5,"column":27},"end":{"line":5,"column":30}},"loc":{"start":{"line":5,"column":32},"end":{"line":116,"column":1}}},"1":{"name":"(anonymous_1)","decl":{"start":{"line":8,"column":26},"end":{"line":8,"column":29}},"loc":{"start":{"line":8,"column":31},"end":{"line":14,"column":3}}},"2":{"name":"(anonymous_2)","decl":{"start":{"line":50,"column":33},"end":{"line":50,"column":36}},"loc":{"start":{"line":50,"column":39},"end":{"line":50,"column":49}}},"3":{"name":"(anonymous_3)","decl":{"start":{"line":66,"column":33},"end":{"line":66,"column":36}},"loc":{"start":{"line":66,"column":39},"end":{"line":66,"column":49}}},"4":{"name":"(anonymous_4)","decl":{"start":{"line":83,"column":33},"end":{"line":83,"column":36}},"loc":{"start":{"line":83,"column":39},"end":{"line":83,"column":49}}},"5":{"name":"(anonymous_5)","decl":{"start":{"line":89,"column":40},"end":{"line":89,"column":41}},"loc":{"start":{"line":90,"column":16},"end":{"line":90,"column":33}}}},"branchMap":{"0":{"loc":{"start":{"line":99,"column":21},"end":{"line":102,"column":null}},"type":"binary-expr","locations":[{"start":{"line":99,"column":21},"end":{"line":99,"column":34}},{"start":{"line":100,"column":20},"end":{"line":100,"column":null}}]}},"s":{"0":1,"1":1,"2":1,"3":1,"4":4,"5":4,"6":1,"7":4,"8":1,"9":1,"10":1,"11":5,"12":1},"f":{"0":4,"1":1,"2":1,"3":1,"4":1,"5":5},"b":{"0":[5,4]}}
,"C:\\Users\\Main\\Desktop\\Teste verity\\multi-step-form\\src\\modules\\form\\store\\formStore.ts": {"path":"C:\\Users\\Main\\Desktop\\Teste verity\\multi-step-form\\src\\modules\\form\\store\\formStore.ts","statementMap":{"0":{"start":{"line":1,"column":0},"end":{"line":1,"column":32}},"1":{"start":{"line":8,"column":13},"end":{"line":45,"column":null}},"2":{"start":{"line":8,"column":56},"end":{"line":45,"column":2}},"3":{"start":{"line":16,"column":23},"end":{"line":16,"column":36}},"4":{"start":{"line":19,"column":8},"end":{"line":21,"column":11}},"5":{"start":{"line":19,"column":24},"end":{"line":21,"column":10}},"6":{"start":{"line":24,"column":8},"end":{"line":26,"column":11}},"7":{"start":{"line":24,"column":24},"end":{"line":26,"column":10}},"8":{"start":{"line":28,"column":27},"end":{"line":28,"column":50}},"9":{"start":{"line":31,"column":8},"end":{"line":36,"column":11}},"10":{"start":{"line":31,"column":24},"end":{"line":36,"column":10}},"11":{"start":{"line":39,"column":8},"end":{"line":44,"column":11}},"12":{"start":{"line":39,"column":24},"end":{"line":44,"column":10}}},"fnMap":{"0":{"name":"(anonymous_0)","decl":{"start":{"line":8,"column":46},"end":{"line":8,"column":47}},"loc":{"start":{"line":8,"column":56},"end":{"line":45,"column":2}}},"1":{"name":"(anonymous_1)","decl":{"start":{"line":16,"column":13},"end":{"line":16,"column":14}},"loc":{"start":{"line":16,"column":23},"end":{"line":16,"column":36}}},"2":{"name":"(anonymous_2)","decl":{"start":{"line":18,"column":14},"end":{"line":18,"column":17}},"loc":{"start":{"line":19,"column":8},"end":{"line":21,"column":11}}},"3":{"name":"(anonymous_3)","decl":{"start":{"line":19,"column":12},"end":{"line":19,"column":13}},"loc":{"start":{"line":19,"column":24},"end":{"line":21,"column":10}}},"4":{"name":"(anonymous_4)","decl":{"start":{"line":23,"column":14},"end":{"line":23,"column":17}},"loc":{"start":{"line":24,"column":8},"end":{"line":26,"column":11}}},"5":{"name":"(anonymous_5)","decl":{"start":{"line":24,"column":12},"end":{"line":24,"column":13}},"loc":{"start":{"line":24,"column":24},"end":{"line":26,"column":10}}},"6":{"name":"(anonymous_6)","decl":{"start":{"line":28,"column":17},"end":{"line":28,"column":18}},"loc":{"start":{"line":28,"column":27},"end":{"line":28,"column":50}}},"7":{"name":"(anonymous_7)","decl":{"start":{"line":30,"column":16},"end":{"line":30,"column":17}},"loc":{"start":{"line":31,"column":8},"end":{"line":36,"column":11}}},"8":{"name":"(anonymous_8)","decl":{"start":{"line":31,"column":12},"end":{"line":31,"column":13}},"loc":{"start":{"line":31,"column":24},"end":{"line":36,"column":10}}},"9":{"name":"(anonymous_9)","decl":{"start":{"line":38,"column":21},"end":{"line":38,"column":22}},"loc":{"start":{"line":39,"column":8},"end":{"line":44,"column":11}}},"10":{"name":"(anonymous_10)","decl":{"start":{"line":39,"column":12},"end":{"line":39,"column":13}},"loc":{"start":{"line":39,"column":24},"end":{"line":44,"column":10}}}},"branchMap":{"0":{"loc":{"start":{"line":20,"column":18},"end":{"line":20,"column":74}},"type":"cond-expr","locations":[{"start":{"line":20,"column":37},"end":{"line":20,"column":51}},{"start":{"line":20,"column":64},"end":{"line":20,"column":74}}]},"1":{"loc":{"start":{"line":25,"column":18},"end":{"line":25,"column":74}},"type":"cond-expr","locations":[{"start":{"line":25,"column":37},"end":{"line":25,"column":51}},{"start":{"line":25,"column":64},"end":{"line":25,"column":74}}]}},"s":{"0":2,"1":2,"2":2,"3":3,"4":2,"5":2,"6":2,"7":2,"8":0,"9":1,"10":1,"11":0,"12":0},"f":{"0":2,"1":3,"2":2,"3":2,"4":2,"5":2,"6":0,"7":1,"8":1,"9":0,"10":0},"b":{"0":[1,1],"1":[1,1]}}
}
