TN:
SF:src\components\form\FormInput.tsx
FN:8,(anonymous_0)
FNF:1
FNH:1
FNDA:313,(anonymous_0)
DA:1,4
DA:8,4
DA:9,313
DA:11,313
LF:4
LH:4
BRDA:18,0,0,28
BRDA:18,0,1,285
BRDA:23,1,0,313
BRDA:23,1,1,28
BRF:4
BRH:4
end_of_record
TN:
SF:src\components\form\FormMaskedInput.tsx
FN:12,(anonymous_0)
FN:28,(anonymous_1)
FN:33,(anonymous_2)
FNF:3
FNH:3
FNDA:90,(anonymous_0)
FNDA:137,(anonymous_1)
FNDA:65,(anonymous_2)
DA:1,4
DA:2,4
DA:12,4
DA:21,90
DA:23,90
DA:29,137
DA:33,65
LF:7
LH:7
BRDA:32,0,0,137
BRDA:32,0,1,48
BRDA:37,1,0,14
BRDA:37,1,1,123
BRDA:44,2,0,90
BRDA:44,2,1,9
BRF:6
BRH:6
end_of_record
TN:
SF:src\components\form\FormProvider.tsx
FN:8,(anonymous_0)
FNF:1
FNH:1
FNDA:63,(anonymous_0)
DA:1,3
DA:8,3
DA:9,63
LF:3
LH:3
BRF:0
BRH:0
end_of_record
TN:
SF:src\components\form\FormSelect.tsx
FN:9,(anonymous_0)
FN:25,(anonymous_1)
FNF:2
FNH:2
FNDA:9,(anonymous_0)
FNDA:10,(anonymous_1)
DA:1,2
DA:9,2
DA:10,9
DA:12,9
DA:26,10
LF:5
LH:5
BRDA:18,0,0,1
BRDA:18,0,1,8
BRDA:32,1,0,9
BRDA:32,1,1,1
BRF:4
BRH:4
end_of_record
TN:
SF:src\components\form\useFormField.ts
FN:3,(anonymous_0)
FNF:1
FNH:1
FNDA:318,(anonymous_0)
DA:1,5
DA:3,5
DA:7,318
DA:9,318
LF:4
LH:4
BRF:0
BRH:0
end_of_record
TN:
SF:src\modules\form\schemas\address.schema.ts
FNF:0
FNH:0
DA:1,1
DA:3,1
LF:2
LH:2
BRF:0
BRH:0
end_of_record
TN:
SF:src\modules\form\schemas\personal.schema.ts
FNF:0
FNH:0
DA:1,1
DA:3,1
LF:2
LH:2
BRF:0
BRH:0
end_of_record
TN:
SF:src\modules\form\schemas\professional.schema.ts
FNF:0
FNH:0
DA:1,1
DA:3,1
LF:2
LH:2
BRF:0
BRH:0
end_of_record
TN:
SF:src\modules\form\services\cepService.ts
FN:1,(anonymous_0)
FNF:1
FNH:1
FNDA:3,(anonymous_0)
DA:1,1
DA:2,3
DA:4,3
DA:5,2
DA:7,2
DA:8,1
DA:11,1
LF:7
LH:7
BRDA:7,0,0,1
BRDA:7,0,1,1
BRF:2
BRH:2
end_of_record
TN:
SF:src\modules\form\steps\AddressStep\index.tsx
FN:13,(anonymous_0)
FN:30,(anonymous_1)
FN:59,(anonymous_2)
FN:63,(anonymous_3)
FN:67,(anonymous_4)
FNF:5
FNH:4
FNDA:48,(anonymous_0)
FNDA:33,(anonymous_1)
FNDA:33,(anonymous_2)
FNDA:0,(anonymous_3)
FNDA:1,(anonymous_4)
DA:1,1
DA:2,1
DA:3,1
DA:4,1
DA:5,1
DA:6,1
DA:7,1
DA:9,1
DA:10,1
DA:11,1
DA:13,1
DA:14,48
DA:16,48
DA:17,48
DA:18,48
DA:19,48
DA:21,48
DA:27,48
DA:28,48
DA:30,48
DA:31,33
DA:32,27
DA:34,27
DA:35,3
DA:37,3
DA:39,3
DA:40,3
DA:41,3
DA:43,3
DA:45,2
DA:46,2
DA:47,2
DA:48,2
DA:50,2
DA:52,1
DA:53,1
DA:55,3
DA:59,48
DA:60,33
DA:63,48
DA:64,0
DA:67,48
DA:68,1
DA:69,1
DA:72,48
DA:74,48
LF:46
LH:45
BRDA:31,0,0,6
BRDA:31,0,1,27
BRDA:34,1,0,24
BRDA:34,1,1,3
BRDA:35,2,0,0
BRDA:35,2,1,3
BRDA:72,3,0,3
BRDA:72,3,1,45
BRDA:98,4,0,48
BRDA:98,4,1,3
BRDA:104,5,0,48
BRDA:104,5,1,1
BRF:12
BRH:11
end_of_record
TN:
SF:src\modules\form\steps\PersonalStep\index.tsx
FN:11,(anonymous_0)
FN:20,(anonymous_1)
FNF:2
FNH:2
FNDA:8,(anonymous_0)
FNDA:1,(anonymous_1)
DA:1,1
DA:2,1
DA:3,1
DA:5,1
DA:6,1
DA:7,1
DA:8,1
DA:9,1
DA:11,1
DA:12,8
DA:14,8
DA:20,8
DA:21,1
DA:22,1
DA:25,8
LF:15
LH:15
BRF:0
BRH:0
end_of_record
TN:
SF:src\modules\form\steps\ProfessionalStep\index.tsx
FN:18,(anonymous_0)
FN:48,(anonymous_1)
FN:49,(anonymous_2)
FN:57,(anonymous_3)
FN:80,(anonymous_4)
FN:132,(anonymous_5)
FN:144,(anonymous_6)
FNF:7
FNH:5
FNDA:7,(anonymous_0)
FNDA:2,(anonymous_1)
FNDA:2,(anonymous_2)
FNDA:1,(anonymous_3)
FNDA:7,(anonymous_4)
FNDA:0,(anonymous_5)
FNDA:0,(anonymous_6)
DA:1,1
DA:2,1
DA:4,1
DA:5,1
DA:7,1
DA:8,1
DA:9,1
DA:11,1
DA:12,1
DA:13,1
DA:14,1
DA:18,1
DA:20,7
DA:22,7
DA:39,7
DA:41,7
DA:46,7
DA:48,7
DA:49,2
DA:50,2
DA:51,2
DA:54,2
DA:57,7
DA:58,1
DA:59,1
DA:62,7
DA:81,7
DA:132,0
DA:145,0
LF:29
LH:27
BRDA:25,0,0,3
BRDA:25,0,1,4
BRF:2
BRH:2
end_of_record
TN:
SF:src\modules\form\steps\SummaryStep\index.tsx
FN:5,(anonymous_0)
FN:8,(anonymous_1)
FN:50,(anonymous_2)
FN:66,(anonymous_3)
FN:83,(anonymous_4)
FN:89,(anonymous_5)
FNF:6
FNH:6
FNDA:4,(anonymous_0)
FNDA:1,(anonymous_1)
FNDA:1,(anonymous_2)
FNDA:1,(anonymous_3)
FNDA:1,(anonymous_4)
FNDA:5,(anonymous_5)
DA:1,1
DA:2,1
DA:3,1
DA:5,1
DA:6,4
DA:8,4
DA:9,1
DA:16,4
DA:50,1
DA:66,1
DA:83,1
DA:90,5
LF:12
LH:12
BRDA:99,0,0,5
BRDA:99,0,1,4
BRF:2
BRH:2
end_of_record
TN:
SF:src\modules\form\store\formStore.ts
FN:8,(anonymous_0)
FN:16,(anonymous_1)
FN:18,(anonymous_2)
FN:19,(anonymous_3)
FN:23,(anonymous_4)
FN:24,(anonymous_5)
FN:28,(anonymous_6)
FN:30,(anonymous_7)
FN:31,(anonymous_8)
FN:38,(anonymous_9)
FN:39,(anonymous_10)
FNF:11
FNH:8
FNDA:2,(anonymous_0)
FNDA:3,(anonymous_1)
FNDA:2,(anonymous_2)
FNDA:2,(anonymous_3)
FNDA:2,(anonymous_4)
FNDA:2,(anonymous_5)
FNDA:0,(anonymous_6)
FNDA:1,(anonymous_7)
FNDA:1,(anonymous_8)
FNDA:0,(anonymous_9)
FNDA:0,(anonymous_10)
DA:1,2
DA:8,2
DA:16,3
DA:19,2
DA:24,2
DA:28,0
DA:31,1
DA:39,0
LF:8
LH:6
BRDA:20,0,0,1
BRDA:20,0,1,1
BRDA:25,1,0,1
BRDA:25,1,1,1
BRF:4
BRH:4
end_of_record
